Analysis & Synthesis report for Flashy
Fri Jan 06 16:09:09 2023
Quartus II 64-Bit Version 12.1 Build 177 11/07/2012 SJ Web Edition


---------------------
; Table of Contents ;
---------------------
  1. Legal Notice
  2. Analysis & Synthesis Summary
  3. Analysis & Synthesis Settings
  4. Parallel Compilation
  5. Analysis & Synthesis Source Files Read
  6. Analysis & Synthesis Resource Usage Summary
  7. Analysis & Synthesis Resource Utilization by Entity
  8. Registers Removed During Synthesis
  9. Removed Registers Triggering Further Register Optimizations
 10. General Register Statistics
 11. Multiplexer Restructuring Statistics (Restructuring Performed)
 12. Elapsed Time Per Partition
 13. Analysis & Synthesis Messages



----------------
; Legal Notice ;
----------------
Copyright (C) 1991-2012 Altera Corporation
Your use of Altera Corporation's design tools, logic functions 
and other software and tools, and its AMPP partner logic 
functions, and any output files from any of the foregoing 
(including device programming or simulation files), and any 
associated documentation or information are expressly subject 
to the terms and conditions of the Altera Program License 
Subscription Agreement, Altera MegaCore Function License 
Agreement, or other applicable license agreement, including, 
without limitation, that your use is for the sole purpose of 
programming logic devices manufactured by Altera and sold by 
Altera or its authorized distributors.  Please refer to the 
applicable agreement for further details.



+-------------------------------------------------------------------------------+
; Analysis & Synthesis Summary                                                  ;
+------------------------------------+------------------------------------------+
; Analysis & Synthesis Status        ; Successful - Fri Jan 06 16:09:09 2023    ;
; Quartus II 64-Bit Version          ; 12.1 Build 177 11/07/2012 SJ Web Edition ;
; Revision Name                      ; Flashy                                   ;
; Top-level Entity Name              ; Flashy                                   ;
; Family                             ; Cyclone IV E                             ;
; Total logic elements               ; 128                                      ;
;     Total combinational functions  ; 112                                      ;
;     Dedicated logic registers      ; 88                                       ;
; Total registers                    ; 88                                       ;
; Total pins                         ; 95                                       ;
; Total virtual pins                 ; 0                                        ;
; Total memory bits                  ; 0                                        ;
; Embedded Multiplier 9-bit elements ; 0                                        ;
; Total PLLs                         ; 0                                        ;
+------------------------------------+------------------------------------------+


+----------------------------------------------------------------------------------------------------------------------+
; Analysis & Synthesis Settings                                                                                        ;
+----------------------------------------------------------------------------+--------------------+--------------------+
; Option                                                                     ; Setting            ; Default Value      ;
+----------------------------------------------------------------------------+--------------------+--------------------+
; Device                                                                     ; EP4CE115F29C7      ;                    ;
; Top-level entity name                                                      ; Flashy             ; Flashy             ;
; Family name                                                                ; Cyclone IV E       ; Cyclone IV GX      ;
; Use smart compilation                                                      ; Off                ; Off                ;
; Enable parallel Assembler and TimeQuest Timing Analyzer during compilation ; On                 ; On                 ;
; Enable compact report table                                                ; Off                ; Off                ;
; Restructure Multiplexers                                                   ; Auto               ; Auto               ;
; Create Debugging Nodes for IP Cores                                        ; Off                ; Off                ;
; Preserve fewer node names                                                  ; On                 ; On                 ;
; Disable OpenCore Plus hardware evaluation                                  ; Off                ; Off                ;
; Verilog Version                                                            ; Verilog_2001       ; Verilog_2001       ;
; VHDL Version                                                               ; VHDL_1993          ; VHDL_1993          ;
; State Machine Processing                                                   ; Auto               ; Auto               ;
; Safe State Machine                                                         ; Off                ; Off                ;
; Extract Verilog State Machines                                             ; On                 ; On                 ;
; Extract VHDL State Machines                                                ; On                 ; On                 ;
; Ignore Verilog initial constructs                                          ; Off                ; Off                ;
; Iteration limit for constant Verilog loops                                 ; 5000               ; 5000               ;
; Iteration limit for non-constant Verilog loops                             ; 250                ; 250                ;
; Add Pass-Through Logic to Inferred RAMs                                    ; On                 ; On                 ;
; Infer RAMs from Raw Logic                                                  ; On                 ; On                 ;
; Parallel Synthesis                                                         ; On                 ; On                 ;
; DSP Block Balancing                                                        ; Auto               ; Auto               ;
; NOT Gate Push-Back                                                         ; On                 ; On                 ;
; Power-Up Don't Care                                                        ; On                 ; On                 ;
; Remove Redundant Logic Cells                                               ; Off                ; Off                ;
; Remove Duplicate Registers                                                 ; On                 ; On                 ;
; Ignore CARRY Buffers                                                       ; Off                ; Off                ;
; Ignore CASCADE Buffers                                                     ; Off                ; Off                ;
; Ignore GLOBAL Buffers                                                      ; Off                ; Off                ;
; Ignore ROW GLOBAL Buffers                                                  ; Off                ; Off                ;
; Ignore LCELL Buffers                                                       ; Off                ; Off                ;
; Ignore SOFT Buffers                                                        ; On                 ; On                 ;
; Limit AHDL Integers to 32 Bits                                             ; Off                ; Off                ;
; Optimization Technique                                                     ; Balanced           ; Balanced           ;
; Carry Chain Length                                                         ; 70                 ; 70                 ;
; Auto Carry Chains                                                          ; On                 ; On                 ;
; Auto Open-Drain Pins                                                       ; On                 ; On                 ;
; Perform WYSIWYG Primitive Resynthesis                                      ; Off                ; Off                ;
; Auto ROM Replacement                                                       ; On                 ; On                 ;
; Auto RAM Replacement                                                       ; On                 ; On                 ;
; Auto DSP Block Replacement                                                 ; On                 ; On                 ;
; Auto Shift Register Replacement                                            ; Auto               ; Auto               ;
; Allow Shift Register Merging across Hierarchies                            ; Auto               ; Auto               ;
; Auto Clock Enable Replacement                                              ; On                 ; On                 ;
; Strict RAM Replacement                                                     ; Off                ; Off                ;
; Allow Synchronous Control Signals                                          ; On                 ; On                 ;
; Force Use of Synchronous Clear Signals                                     ; Off                ; Off                ;
; Auto RAM Block Balancing                                                   ; On                 ; On                 ;
; Auto RAM to Logic Cell Conversion                                          ; Off                ; Off                ;
; Auto Resource Sharing                                                      ; Off                ; Off                ;
; Allow Any RAM Size For Recognition                                         ; Off                ; Off                ;
; Allow Any ROM Size For Recognition                                         ; Off                ; Off                ;
; Allow Any Shift Register Size For Recognition                              ; Off                ; Off                ;
; Use LogicLock Constraints during Resource Balancing                        ; On                 ; On                 ;
; Ignore translate_off and synthesis_off directives                          ; Off                ; Off                ;
; Timing-Driven Synthesis                                                    ; On                 ; On                 ;
; Report Parameter Settings                                                  ; On                 ; On                 ;
; Report Source Assignments                                                  ; On                 ; On                 ;
; Report Connectivity Checks                                                 ; On                 ; On                 ;
; Ignore Maximum Fan-Out Assignments                                         ; Off                ; Off                ;
; Synchronization Register Chain Length                                      ; 2                  ; 2                  ;
; PowerPlay Power Optimization                                               ; Normal compilation ; Normal compilation ;
; HDL message level                                                          ; Level2             ; Level2             ;
; Suppress Register Optimization Related Messages                            ; Off                ; Off                ;
; Number of Removed Registers Reported in Synthesis Report                   ; 5000               ; 5000               ;
; Number of Swept Nodes Reported in Synthesis Report                         ; 5000               ; 5000               ;
; Number of Inverted Registers Reported in Synthesis Report                  ; 100                ; 100                ;
; Clock MUX Protection                                                       ; On                 ; On                 ;
; Auto Gated Clock Conversion                                                ; Off                ; Off                ;
; Block Design Naming                                                        ; Auto               ; Auto               ;
; SDC constraint protection                                                  ; Off                ; Off                ;
; Synthesis Effort                                                           ; Auto               ; Auto               ;
; Shift Register Replacement - Allow Asynchronous Clear Signal               ; On                 ; On                 ;
; Pre-Mapping Resynthesis Optimization                                       ; Off                ; Off                ;
; Analysis & Synthesis Message Level                                         ; Medium             ; Medium             ;
; Disable Register Merging Across Hierarchies                                ; Auto               ; Auto               ;
; Resource Aware Inference For Block RAM                                     ; On                 ; On                 ;
; Synthesis Seed                                                             ; 1                  ; 1                  ;
+----------------------------------------------------------------------------+--------------------+--------------------+


Parallel compilation was disabled, but you have multiple processors available. Enable parallel compilation to reduce compilation time.
+-------------------------------------+
; Parallel Compilation                ;
+----------------------------+--------+
; Processors                 ; Number ;
+----------------------------+--------+
; Number detected on machine ; 8      ;
; Maximum allowed            ; 1      ;
+----------------------------+--------+


+--------------------------------------------------------------------------------------------------------------------------------------------+
; Analysis & Synthesis Source Files Read                                                                                                     ;
+----------------------------------+-----------------+-----------------+-----------------------------------------------------------+---------+
; File Name with User-Entered Path ; Used in Netlist ; File Type       ; File Name with Absolute Path                              ; Library ;
+----------------------------------+-----------------+-----------------+-----------------------------------------------------------+---------+
; Flashy.vhd                       ; yes             ; User VHDL File  ; C:/Users/rodri/Documents/Arquitectura/Flashy/Flashy.vhd   ;         ;
; displays.vhd                     ; yes             ; User VHDL File  ; C:/Users/rodri/Documents/Arquitectura/Flashy/displays.vhd ;         ;
; parser.vhd                       ; yes             ; User VHDL File  ; C:/Users/rodri/Documents/Arquitectura/Flashy/parser.vhd   ;         ;
+----------------------------------+-----------------+-----------------+-----------------------------------------------------------+---------+


+-----------------------------------------------------+
; Analysis & Synthesis Resource Usage Summary         ;
+---------------------------------------------+-------+
; Resource                                    ; Usage ;
+---------------------------------------------+-------+
; Estimated Total logic elements              ; 128   ;
;                                             ;       ;
; Total combinational functions               ; 112   ;
; Logic element usage by number of LUT inputs ;       ;
;     -- 4 input functions                    ; 46    ;
;     -- 3 input functions                    ; 26    ;
;     -- <=2 input functions                  ; 40    ;
;                                             ;       ;
; Logic elements by mode                      ;       ;
;     -- normal mode                          ; 82    ;
;     -- arithmetic mode                      ; 30    ;
;                                             ;       ;
; Total registers                             ; 88    ;
;     -- Dedicated logic registers            ; 88    ;
;     -- I/O registers                        ; 0     ;
;                                             ;       ;
; I/O pins                                    ; 95    ;
; Embedded Multiplier 9-bit elements          ; 0     ;
; Maximum fan-out                             ; 88    ;
; Total fan-out                               ; 834   ;
; Average fan-out                             ; 1.75  ;
+---------------------------------------------+-------+


+-----------------------------------------------------------------------------------------------------------------------------------------------------------------------------+
; Analysis & Synthesis Resource Utilization by Entity                                                                                                                         ;
+----------------------------+-------------------+--------------+-------------+--------------+---------+-----------+------+--------------+---------------------+--------------+
; Compilation Hierarchy Node ; LC Combinationals ; LC Registers ; Memory Bits ; DSP Elements ; DSP 9x9 ; DSP 18x18 ; Pins ; Virtual Pins ; Full Hierarchy Name ; Library Name ;
+----------------------------+-------------------+--------------+-------------+--------------+---------+-----------+------+--------------+---------------------+--------------+
; |Flashy                    ; 112 (112)         ; 88 (88)      ; 0           ; 0            ; 0       ; 0         ; 95   ; 0            ; |Flashy             ;              ;
+----------------------------+-------------------+--------------+-------------+--------------+---------+-----------+------+--------------+---------------------+--------------+
Note: For table entries with two numbers listed, the numbers in parentheses indicate the number of resources of the given type used by the specific entity alone. The numbers listed outside of parentheses indicate the total resources of the given type used by the specific entity and all of its sub-entities in the hierarchy.


+---------------------------------------------------------------------------------+
; Registers Removed During Synthesis                                              ;
+----------------------------------------+----------------------------------------+
; Register name                          ; Reason for Removal                     ;
+----------------------------------------+----------------------------------------+
; temp_op[2,3]                           ; Stuck at GND due to stuck port data_in ;
; temp_num1[3]                           ; Stuck at GND due to stuck port data_in ;
; temp_num2[3]                           ; Stuck at GND due to stuck port data_in ;
; temp_num1_3_                           ; Stuck at GND due to stuck port data_in ;
; temp_num2_3_                           ; Stuck at GND due to stuck port data_in ;
; displays[29]~reg0                      ; Stuck at GND due to stuck port data_in ;
; fl_addr[0]~reg0                        ; Stuck at GND due to stuck port data_in ;
; fl_addr[5]~reg0                        ; Stuck at GND due to stuck port data_in ;
; fl_addr[6]~reg0                        ; Stuck at GND due to stuck port data_in ;
; fl_addr[7]~reg0                        ; Stuck at GND due to stuck port data_in ;
; fl_addr[8]~reg0                        ; Stuck at GND due to stuck port data_in ;
; fl_addr[9]~reg0                        ; Stuck at GND due to stuck port data_in ;
; fl_addr[10]~reg0                       ; Stuck at GND due to stuck port data_in ;
; fl_addr[11]~reg0                       ; Stuck at GND due to stuck port data_in ;
; fl_addr[12]~reg0                       ; Stuck at GND due to stuck port data_in ;
; fl_addr[13]~reg0                       ; Stuck at GND due to stuck port data_in ;
; fl_addr[14]~reg0                       ; Stuck at GND due to stuck port data_in ;
; fl_addr[15]~reg0                       ; Stuck at GND due to stuck port data_in ;
; fl_addr[16]~reg0                       ; Stuck at GND due to stuck port data_in ;
; fl_addr[17]~reg0                       ; Stuck at GND due to stuck port data_in ;
; fl_addr[18]~reg0                       ; Stuck at GND due to stuck port data_in ;
; fl_addr[19]~reg0                       ; Stuck at GND due to stuck port data_in ;
; fl_addr[20]~reg0                       ; Stuck at GND due to stuck port data_in ;
; fl_addr[21]~reg0                       ; Stuck at GND due to stuck port data_in ;
; fl_addr[22]~reg0                       ; Stuck at GND due to stuck port data_in ;
; Total Number of Removed Registers = 26 ;                                        ;
+----------------------------------------+----------------------------------------+


+------------------------------------------------------------------------------------+
; Removed Registers Triggering Further Register Optimizations                        ;
+---------------+---------------------------+----------------------------------------+
; Register name ; Reason for Removal        ; Registers Removed due to This Register ;
+---------------+---------------------------+----------------------------------------+
; temp_op[3]    ; Stuck at GND              ; displays[29]~reg0                      ;
;               ; due to stuck port data_in ;                                        ;
+---------------+---------------------------+----------------------------------------+


+------------------------------------------------------+
; General Register Statistics                          ;
+----------------------------------------------+-------+
; Statistic                                    ; Value ;
+----------------------------------------------+-------+
; Total registers                              ; 88    ;
; Number of registers using Synchronous Clear  ; 27    ;
; Number of registers using Synchronous Load   ; 11    ;
; Number of registers using Asynchronous Clear ; 8     ;
; Number of registers using Asynchronous Load  ; 0     ;
; Number of registers using Clock Enable       ; 51    ;
; Number of registers using Preset             ; 0     ;
+----------------------------------------------+-------+


+------------------------------------------------------------------------------------------------------------------------------------------+
; Multiplexer Restructuring Statistics (Restructuring Performed)                                                                           ;
+--------------------+-----------+---------------+----------------------+------------------------+------------+----------------------------+
; Multiplexer Inputs ; Bus Width ; Baseline Area ; Area if Restructured ; Saving if Restructured ; Registered ; Example Multiplexer Output ;
+--------------------+-----------+---------------+----------------------+------------------------+------------+----------------------------+
; 4:1                ; 3 bits    ; 6 LEs         ; 6 LEs                ; 0 LEs                  ; Yes        ; |Flashy|result[2]          ;
; 3:1                ; 3 bits    ; 6 LEs         ; 3 LEs                ; 3 LEs                  ; Yes        ; |Flashy|temp_num2_3_       ;
; 3:1                ; 21 bits   ; 42 LEs        ; 21 LEs               ; 21 LEs                 ; Yes        ; |Flashy|temp_num1_2_       ;
; 10:1               ; 6 bits    ; 36 LEs        ; 36 LEs               ; 0 LEs                  ; Yes        ; |Flashy|displays[15]~reg0  ;
; 10:1               ; 6 bits    ; 36 LEs        ; 36 LEs               ; 0 LEs                  ; Yes        ; |Flashy|displays[25]~reg0  ;
; 10:1               ; 22 bits   ; 132 LEs       ; 88 LEs               ; 44 LEs                 ; Yes        ; |Flashy|fl_addr[8]~reg0    ;
+--------------------+-----------+---------------+----------------------+------------------------+------------+----------------------------+


+-------------------------------+
; Elapsed Time Per Partition    ;
+----------------+--------------+
; Partition Name ; Elapsed Time ;
+----------------+--------------+
; Top            ; 00:00:00     ;
+----------------+--------------+


+-------------------------------+
; Analysis & Synthesis Messages ;
+-------------------------------+
Info: *******************************************************************
Info: Running Quartus II 64-Bit Analysis & Synthesis
    Info: Version 12.1 Build 177 11/07/2012 SJ Web Edition
    Info: Processing started: Fri Jan 06 16:09:07 2023
Info: Command: quartus_map --read_settings_files=on --write_settings_files=off Flashy -c Flashy
Warning (20028): Parallel compilation is not licensed and has been disabled
Info (12021): Found 2 design units, including 1 entities, in source file flashy.vhd
    Info (12022): Found design unit 1: Flashy-behavior
    Info (12023): Found entity 1: Flashy
Info (12021): Found 2 design units, including 0 entities, in source file displays.vhd
    Info (12022): Found design unit 1: displays
    Info (12022): Found design unit 2: displays-body
Info (12021): Found 2 design units, including 0 entities, in source file parser.vhd
    Info (12022): Found design unit 1: parser
    Info (12022): Found design unit 2: parser-body
Info (12127): Elaborating entity "Flashy" for the top level hierarchy
Warning (13034): The following nodes have both tri-state and non-tri-state drivers
    Warning (13035): Inserted always-enabled tri-state buffer between "displays[0]" and its non-tri-state driver.
    Warning (13035): Inserted always-enabled tri-state buffer between "displays[1]" and its non-tri-state driver.
    Warning (13035): Inserted always-enabled tri-state buffer between "displays[2]" and its non-tri-state driver.
    Warning (13035): Inserted always-enabled tri-state buffer between "displays[3]" and its non-tri-state driver.
    Warning (13035): Inserted always-enabled tri-state buffer between "displays[4]" and its non-tri-state driver.
    Warning (13035): Inserted always-enabled tri-state buffer between "displays[5]" and its non-tri-state driver.
    Warning (13035): Inserted always-enabled tri-state buffer between "displays[6]" and its non-tri-state driver.
    Warning (13035): Inserted always-enabled tri-state buffer between "displays[14]" and its non-tri-state driver.
    Warning (13035): Inserted always-enabled tri-state buffer between "displays[15]" and its non-tri-state driver.
    Warning (13035): Inserted always-enabled tri-state buffer between "displays[16]" and its non-tri-state driver.
    Warning (13035): Inserted always-enabled tri-state buffer between "displays[17]" and its non-tri-state driver.
    Warning (13035): Inserted always-enabled tri-state buffer between "displays[18]" and its non-tri-state driver.
    Warning (13035): Inserted always-enabled tri-state buffer between "displays[19]" and its non-tri-state driver.
    Warning (13035): Inserted always-enabled tri-state buffer between "displays[20]" and its non-tri-state driver.
    Warning (13035): Inserted always-enabled tri-state buffer between "displays[21]" and its non-tri-state driver.
    Warning (13035): Inserted always-enabled tri-state buffer between "displays[22]" and its non-tri-state driver.
    Warning (13035): Inserted always-enabled tri-state buffer between "displays[23]" and its non-tri-state driver.
    Warning (13035): Inserted always-enabled tri-state buffer between "displays[24]" and its non-tri-state driver.
    Warning (13035): Inserted always-enabled tri-state buffer between "displays[25]" and its non-tri-state driver.
    Warning (13035): Inserted always-enabled tri-state buffer between "displays[26]" and its non-tri-state driver.
    Warning (13035): Inserted always-enabled tri-state buffer between "displays[27]" and its non-tri-state driver.
    Warning (13035): Inserted always-enabled tri-state buffer between "displays[28]" and its non-tri-state driver.
    Warning (13035): Inserted always-enabled tri-state buffer between "displays[29]" and its non-tri-state driver.
    Warning (13035): Inserted always-enabled tri-state buffer between "displays[30]" and its non-tri-state driver.
    Warning (13035): Inserted always-enabled tri-state buffer between "displays[31]" and its non-tri-state driver.
    Warning (13035): Inserted always-enabled tri-state buffer between "displays[32]" and its non-tri-state driver.
    Warning (13035): Inserted always-enabled tri-state buffer between "displays[33]" and its non-tri-state driver.
    Warning (13035): Inserted always-enabled tri-state buffer between "displays[34]" and its non-tri-state driver.
    Warning (13035): Inserted always-enabled tri-state buffer between "fl_addr[0]" and its non-tri-state driver.
    Warning (13035): Inserted always-enabled tri-state buffer between "fl_addr[1]" and its non-tri-state driver.
    Warning (13035): Inserted always-enabled tri-state buffer between "fl_addr[2]" and its non-tri-state driver.
    Warning (13035): Inserted always-enabled tri-state buffer between "fl_addr[3]" and its non-tri-state driver.
    Warning (13035): Inserted always-enabled tri-state buffer between "fl_addr[4]" and its non-tri-state driver.
    Warning (13035): Inserted always-enabled tri-state buffer between "fl_addr[5]" and its non-tri-state driver.
    Warning (13035): Inserted always-enabled tri-state buffer between "fl_addr[6]" and its non-tri-state driver.
    Warning (13035): Inserted always-enabled tri-state buffer between "fl_addr[7]" and its non-tri-state driver.
    Warning (13035): Inserted always-enabled tri-state buffer between "fl_addr[8]" and its non-tri-state driver.
    Warning (13035): Inserted always-enabled tri-state buffer between "fl_addr[9]" and its non-tri-state driver.
    Warning (13035): Inserted always-enabled tri-state buffer between "fl_addr[10]" and its non-tri-state driver.
    Warning (13035): Inserted always-enabled tri-state buffer between "fl_addr[11]" and its non-tri-state driver.
    Warning (13035): Inserted always-enabled tri-state buffer between "fl_addr[12]" and its non-tri-state driver.
    Warning (13035): Inserted always-enabled tri-state buffer between "fl_addr[13]" and its non-tri-state driver.
    Warning (13035): Inserted always-enabled tri-state buffer between "fl_addr[14]" and its non-tri-state driver.
    Warning (13035): Inserted always-enabled tri-state buffer between "fl_addr[15]" and its non-tri-state driver.
    Warning (13035): Inserted always-enabled tri-state buffer between "fl_addr[16]" and its non-tri-state driver.
    Warning (13035): Inserted always-enabled tri-state buffer between "fl_addr[17]" and its non-tri-state driver.
    Warning (13035): Inserted always-enabled tri-state buffer between "fl_addr[18]" and its non-tri-state driver.
    Warning (13035): Inserted always-enabled tri-state buffer between "fl_addr[19]" and its non-tri-state driver.
    Warning (13035): Inserted always-enabled tri-state buffer between "fl_addr[20]" and its non-tri-state driver.
    Warning (13035): Inserted always-enabled tri-state buffer between "fl_addr[21]" and its non-tri-state driver.
    Warning (13035): Inserted always-enabled tri-state buffer between "fl_addr[22]" and its non-tri-state driver.
Warning (13039): The following bidir pins have no drivers
    Warning (13040): Bidir "displays[7]" has no driver
    Warning (13040): Bidir "displays[8]" has no driver
    Warning (13040): Bidir "displays[9]" has no driver
    Warning (13040): Bidir "displays[10]" has no driver
    Warning (13040): Bidir "displays[11]" has no driver
    Warning (13040): Bidir "displays[12]" has no driver
    Warning (13040): Bidir "displays[13]" has no driver
    Warning (13040): Bidir "displays[35]" has no driver
    Warning (13040): Bidir "displays[36]" has no driver
    Warning (13040): Bidir "displays[37]" has no driver
    Warning (13040): Bidir "displays[38]" has no driver
    Warning (13040): Bidir "displays[39]" has no driver
    Warning (13040): Bidir "displays[40]" has no driver
    Warning (13040): Bidir "displays[41]" has no driver
    Warning (13040): Bidir "displays[42]" has no driver
    Warning (13040): Bidir "displays[43]" has no driver
    Warning (13040): Bidir "displays[44]" has no driver
    Warning (13040): Bidir "displays[45]" has no driver
    Warning (13040): Bidir "displays[46]" has no driver
    Warning (13040): Bidir "displays[47]" has no driver
    Warning (13040): Bidir "displays[48]" has no driver
    Warning (13040): Bidir "displays[49]" has no driver
    Warning (13040): Bidir "displays[50]" has no driver
    Warning (13040): Bidir "displays[51]" has no driver
    Warning (13040): Bidir "displays[52]" has no driver
    Warning (13040): Bidir "displays[53]" has no driver
    Warning (13040): Bidir "displays[54]" has no driver
    Warning (13040): Bidir "displays[55]" has no driver
    Warning (13040): Bidir "fl_data[0]" has no driver
    Warning (13040): Bidir "fl_data[1]" has no driver
    Warning (13040): Bidir "fl_data[2]" has no driver
    Warning (13040): Bidir "fl_data[3]" has no driver
    Warning (13040): Bidir "fl_data[4]" has no driver
    Warning (13040): Bidir "fl_data[5]" has no driver
    Warning (13040): Bidir "fl_data[6]" has no driver
    Warning (13040): Bidir "fl_data[7]" has no driver
Info (13060): One or more bidirs are fed by always enabled tri-state buffers
    Info (13061): Fan-out of permanently enabled tri-state buffer feeding bidir "displays[0]" is moved to its source
    Info (13061): Fan-out of permanently enabled tri-state buffer feeding bidir "displays[1]" is moved to its source
    Info (13061): Fan-out of permanently enabled tri-state buffer feeding bidir "displays[2]" is moved to its source
    Info (13061): Fan-out of permanently enabled tri-state buffer feeding bidir "displays[3]" is moved to its source
    Info (13061): Fan-out of permanently enabled tri-state buffer feeding bidir "displays[4]" is moved to its source
    Info (13061): Fan-out of permanently enabled tri-state buffer feeding bidir "displays[5]" is moved to its source
    Info (13061): Fan-out of permanently enabled tri-state buffer feeding bidir "displays[6]" is moved to its source
    Info (13061): Fan-out of permanently enabled tri-state buffer feeding bidir "displays[14]" is moved to its source
    Info (13061): Fan-out of permanently enabled tri-state buffer feeding bidir "displays[15]" is moved to its source
    Info (13061): Fan-out of permanently enabled tri-state buffer feeding bidir "displays[16]" is moved to its source
    Info (13061): Fan-out of permanently enabled tri-state buffer feeding bidir "displays[17]" is moved to its source
    Info (13061): Fan-out of permanently enabled tri-state buffer feeding bidir "displays[18]" is moved to its source
    Info (13061): Fan-out of permanently enabled tri-state buffer feeding bidir "displays[19]" is moved to its source
    Info (13061): Fan-out of permanently enabled tri-state buffer feeding bidir "displays[20]" is moved to its source
    Info (13061): Fan-out of permanently enabled tri-state buffer feeding bidir "displays[21]" is moved to its source
    Info (13061): Fan-out of permanently enabled tri-state buffer feeding bidir "displays[22]" is moved to its source
    Info (13061): Fan-out of permanently enabled tri-state buffer feeding bidir "displays[23]" is moved to its source
    Info (13061): Fan-out of permanently enabled tri-state buffer feeding bidir "displays[24]" is moved to its source
    Info (13061): Fan-out of permanently enabled tri-state buffer feeding bidir "displays[25]" is moved to its source
    Info (13061): Fan-out of permanently enabled tri-state buffer feeding bidir "displays[26]" is moved to its source
    Info (13061): Fan-out of permanently enabled tri-state buffer feeding bidir "displays[27]" is moved to its source
    Info (13061): Fan-out of permanently enabled tri-state buffer feeding bidir "displays[28]" is moved to its source
    Info (13061): Fan-out of permanently enabled tri-state buffer feeding bidir "displays[29]" is moved to its source
    Info (13061): Fan-out of permanently enabled tri-state buffer feeding bidir "displays[30]" is moved to its source
    Info (13061): Fan-out of permanently enabled tri-state buffer feeding bidir "displays[31]" is moved to its source
    Info (13061): Fan-out of permanently enabled tri-state buffer feeding bidir "displays[32]" is moved to its source
    Info (13061): Fan-out of permanently enabled tri-state buffer feeding bidir "displays[33]" is moved to its source
    Info (13061): Fan-out of permanently enabled tri-state buffer feeding bidir "displays[34]" is moved to its source
    Info (13061): Fan-out of permanently enabled tri-state buffer feeding bidir "fl_addr[0]" is moved to its source
    Info (13061): Fan-out of permanently enabled tri-state buffer feeding bidir "fl_addr[1]" is moved to its source
    Info (13061): Fan-out of permanently enabled tri-state buffer feeding bidir "fl_addr[2]" is moved to its source
    Info (13061): Fan-out of permanently enabled tri-state buffer feeding bidir "fl_addr[3]" is moved to its source
    Info (13061): Fan-out of permanently enabled tri-state buffer feeding bidir "fl_addr[4]" is moved to its source
    Info (13061): Fan-out of permanently enabled tri-state buffer feeding bidir "fl_addr[5]" is moved to its source
    Info (13061): Fan-out of permanently enabled tri-state buffer feeding bidir "fl_addr[6]" is moved to its source
    Info (13061): Fan-out of permanently enabled tri-state buffer feeding bidir "fl_addr[7]" is moved to its source
    Info (13061): Fan-out of permanently enabled tri-state buffer feeding bidir "fl_addr[8]" is moved to its source
    Info (13061): Fan-out of permanently enabled tri-state buffer feeding bidir "fl_addr[9]" is moved to its source
    Info (13061): Fan-out of permanently enabled tri-state buffer feeding bidir "fl_addr[10]" is moved to its source
    Info (13061): Fan-out of permanently enabled tri-state buffer feeding bidir "fl_addr[11]" is moved to its source
    Info (13061): Fan-out of permanently enabled tri-state buffer feeding bidir "fl_addr[12]" is moved to its source
    Info (13061): Fan-out of permanently enabled tri-state buffer feeding bidir "fl_addr[13]" is moved to its source
    Info (13061): Fan-out of permanently enabled tri-state buffer feeding bidir "fl_addr[14]" is moved to its source
    Info (13061): Fan-out of permanently enabled tri-state buffer feeding bidir "fl_addr[15]" is moved to its source
    Info (13061): Fan-out of permanently enabled tri-state buffer feeding bidir "fl_addr[16]" is moved to its source
    Info (13061): Fan-out of permanently enabled tri-state buffer feeding bidir "fl_addr[17]" is moved to its source
    Info (13061): Fan-out of permanently enabled tri-state buffer feeding bidir "fl_addr[18]" is moved to its source
    Info (13061): Fan-out of permanently enabled tri-state buffer feeding bidir "fl_addr[19]" is moved to its source
    Info (13061): Fan-out of permanently enabled tri-state buffer feeding bidir "fl_addr[20]" is moved to its source
    Info (13061): Fan-out of permanently enabled tri-state buffer feeding bidir "fl_addr[21]" is moved to its source
    Info (13061): Fan-out of permanently enabled tri-state buffer feeding bidir "fl_addr[22]" is moved to its source
Warning (13009): TRI or OPNDRN buffers permanently enabled
    Warning (13010): Node "displays[0]~synth"
    Warning (13010): Node "displays[1]~synth"
    Warning (13010): Node "displays[2]~synth"
    Warning (13010): Node "displays[3]~synth"
    Warning (13010): Node "displays[4]~synth"
    Warning (13010): Node "displays[5]~synth"
    Warning (13010): Node "displays[6]~synth"
    Warning (13010): Node "displays[14]~synth"
    Warning (13010): Node "displays[15]~synth"
    Warning (13010): Node "displays[16]~synth"
    Warning (13010): Node "displays[17]~synth"
    Warning (13010): Node "displays[18]~synth"
    Warning (13010): Node "displays[19]~synth"
    Warning (13010): Node "displays[20]~synth"
    Warning (13010): Node "displays[21]~synth"
    Warning (13010): Node "displays[22]~synth"
    Warning (13010): Node "displays[23]~synth"
    Warning (13010): Node "displays[24]~synth"
    Warning (13010): Node "displays[25]~synth"
    Warning (13010): Node "displays[26]~synth"
    Warning (13010): Node "displays[27]~synth"
    Warning (13010): Node "displays[28]~synth"
    Warning (13010): Node "displays[29]~synth"
    Warning (13010): Node "displays[30]~synth"
    Warning (13010): Node "displays[31]~synth"
    Warning (13010): Node "displays[32]~synth"
    Warning (13010): Node "displays[33]~synth"
    Warning (13010): Node "displays[34]~synth"
    Warning (13010): Node "fl_addr[0]~synth"
    Warning (13010): Node "fl_addr[1]~synth"
    Warning (13010): Node "fl_addr[2]~synth"
    Warning (13010): Node "fl_addr[3]~synth"
    Warning (13010): Node "fl_addr[4]~synth"
    Warning (13010): Node "fl_addr[5]~synth"
    Warning (13010): Node "fl_addr[6]~synth"
    Warning (13010): Node "fl_addr[7]~synth"
    Warning (13010): Node "fl_addr[8]~synth"
    Warning (13010): Node "fl_addr[9]~synth"
    Warning (13010): Node "fl_addr[10]~synth"
    Warning (13010): Node "fl_addr[11]~synth"
    Warning (13010): Node "fl_addr[12]~synth"
    Warning (13010): Node "fl_addr[13]~synth"
    Warning (13010): Node "fl_addr[14]~synth"
    Warning (13010): Node "fl_addr[15]~synth"
    Warning (13010): Node "fl_addr[16]~synth"
    Warning (13010): Node "fl_addr[17]~synth"
    Warning (13010): Node "fl_addr[18]~synth"
    Warning (13010): Node "fl_addr[19]~synth"
    Warning (13010): Node "fl_addr[20]~synth"
    Warning (13010): Node "fl_addr[21]~synth"
    Warning (13010): Node "fl_addr[22]~synth"
Warning (13024): Output pins are stuck at VCC or GND
    Warning (13410): Pin "fl_chip_en" is stuck at GND
    Warning (13410): Pin "fl_chip_out" is stuck at GND
    Warning (13410): Pin "fl_rst" is stuck at VCC
    Warning (13410): Pin "fl_we" is stuck at VCC
    Warning (13410): Pin "fl_wp" is stuck at GND
    Warning (13410): Pin "global.bp.work.parser.temp_num1_3__gl_output" is stuck at GND
    Warning (13410): Pin "global.bp.work.parser.temp_num2_3__gl_output" is stuck at GND
Info (286030): Timing-Driven Synthesis is running
Info (16010): Generating hard_block partition "hard_block:auto_generated_inst"
    Info (16011): Adding 0 node(s), including 0 DDIO, 0 PLL, 0 transceiver and 0 LCELL
Warning (21074): Design contains 1 input pin(s) that do not drive logic
    Warning (15610): No output dependent on input pin "fl_rdb"
Info (21057): Implemented 223 device resources after synthesis - the final resource count might be different
    Info (21058): Implemented 3 input pins
    Info (21059): Implemented 5 output pins
    Info (21060): Implemented 87 bidirectional pins
    Info (21061): Implemented 128 logic cells
Info: Quartus II 64-Bit Analysis & Synthesis was successful. 0 errors, 152 warnings
    Info: Peak virtual memory: 4632 megabytes
    Info: Processing ended: Fri Jan 06 16:09:09 2023
    Info: Elapsed time: 00:00:02
    Info: Total CPU time (on all processors): 00:00:01


